<?xml version="1.0" encoding="UTF-8"?>
<!-- Generated by org.testng.reporters.JUnitReportReporter -->
<testsuite hostname="Chico" name="test.ExceptionTest" tests="1" failures="0" timestamp="1 Jul 2017 08:27:43 GMT" time="0.004" errors="0">
  <testcase name="testException" time="0.004" classname="test.ExceptionTest"/>
</testsuite> <!-- test.ExceptionTest -->
